D:\MOHAMMMAD AHMED QURESHI\EBM\WORKING AREA\3rd Floor Mech.dwg,A1 PLAN HVAC 28-08-18,13-Feb-19 10:08:27 AM,CDD-4,HP DesignJet T795 44in HPGL2,A1 (landscape),1:1,
D:\MOHAMMMAD AHMED QURESHI\AGHA KHAN UNIVERSITY\WORKING AREA\AC\w\A+220-M-04 (Existing  Proposed HVAC Layout at Lab Area)-CD-R4.dwg,Layout1-Layout2-Proposed Plan,18-Feb-19 3:21:23 PM,CDD-4,HP DesignJet T795 44in HPGL2,A1 (landscape),1:1,
D:\MOHAMMMAD AHMED QURESHI\AMARANT\WORKING AREA\GF PROCESS PIPING.dwg,GF A2,23-Feb-19 9:43:17 AM,CDD-4,HP DesignJet T795 44in HPGL2,Oversize: A2 (landscape),1:25.4,
D:\MOHAMMMAD AHMED QURESHI\AMARANT\WORKING AREA\CHW PIPING LAYOUT ROOF.dwg,PIPING LAYOUT AC 01 (SHAN),23-Feb-19 9:44:11 AM,CDD-4,HP DesignJet T795 44in HPGL2,A2 (landscape),1:34.6412,
D:\MOHAMMMAD AHMED QURESHI\PFIZER\B2 BUILDING\WORKING AREA\MP-AC -308_DL-01_02 _Ducting Layout final (3).dwg,Layout1,05-Mar-19 4:07:42 PM,CDD-4,HP DesignJet T795 44in HPGL2,A2 (landscape),1:25.2893,
D:\MOHAMMMAD AHMED QURESHI\PFIZER\B2 BUILDING\WORKING AREA\MP-AC -308_DL-01_02 _Ducting Layout final (3).dwg,Layout1,05-Mar-19 4:59:30 PM,CDD-4,HP DesignJet T795 44in HPGL2,A2 (landscape),1:25.2893,
D:\MOHAMMMAD AHMED QURESHI\PFIZER\WEST WARF\WORKING AREA\MPL - 19 - hvac layout (2).dwg,Model,12-Mar-19 10:39:59 AM,CDD-4,\\PRINTSERVER-PC\HP LaserJet 400 M401 PCL 6,Letter,1:2517.56,
D:\MOHAMMMAD AHMED QURESHI\PFIZER\WEST WARF\WORKING AREA\MPL - 19 - hvac layout (2).dwg,Model,12-Mar-19 10:40:50 AM,CDD-4,\\PRINTSERVER-PC\HP LaserJet 400 M401 PCL 6,Letter,1:1539.28,
D:\MOHAMMMAD AHMED QURESHI\SIR AHMED RIZWAN factory drawings\NIP\WORKING AREA\ARCHITACTURAL\LE-16-A1.dwg,Model,26-Mar-19 2:17:36 PM,CDD-4,\\PRINTSERVER-PC\HP LaserJet 400 M401 PCL 6,A4,1:8.48115,
F:\LE-16-A1.dwg,Model,26-Mar-19 2:22:38 PM,CDD-4,\\PRINTSERVER-PC\HP LaserJet 400 M401 PCL 6,A4,1:3.96581,
D:\MOHAMMMAD AHMED QURESHI\SIR AHMED RIZWAN factory drawings\NIP\WORKING AREA\ARCHITACTURAL\LE-16-A1.dwg,Model,26-Mar-19 2:27:22 PM,CDD-4,\\PRINTSERVER-PC\HP LaserJet 400 M401 PCL 6,A4,1:8.08192,
D:\MOHAMMMAD AHMED QURESHI\SIR AHMED RIZWAN factory drawings\NIP\WORKING AREA\ARCHITACTURAL\LE-16-A1.dwg,Model,26-Mar-19 2:35:22 PM,CDD-4,\\PRINTSERVER-PC\HP LaserJet 400 M401 PCL 6,A4,1:8.08192,
D:\MOHAMMMAD AHMED QURESHI\SIR AHMED RIZWAN factory drawings\NIP\WORKING AREA\ARCHITACTURAL\LE-16-A1.dwg,Model,29-Mar-19 12:48:50 PM,CDD-4,HP DesignJet T795 44in HPGL2,A2 (landscape),1:167.611,
D:\MOHAMMMAD AHMED QURESHI\SIR AHMED RIZWAN factory drawings\NIP\WORKING AREA\ARCHITACTURAL\LE-16-A1.dwg,B.F,29-Mar-19 12:50:10 PM,CDD-4,HP DesignJet T795 44in HPGL2,A2 (landscape),1:0.475921,
D:\MOHAMMMAD AHMED QURESHI\SIR AHMED RIZWAN factory drawings\NIP\WORKING AREA\ARCHITACTURAL\LE-16-A1.dwg,ROOF,29-Mar-19 1:03:38 PM,CDD-4,HP DesignJet T795 44in HPGL2,A2 (landscape),1:0.479474,
D:\MOHAMMMAD AHMED QURESHI\SIR AHMED RIZWAN factory drawings\NIP\WORKING AREA\ARCHITACTURAL\LE-16-A1.dwg,MZ,29-Mar-19 1:14:42 PM,CDD-4,\\PRINTSERVER-PC\HP LaserJet 400 M401 PCL 6,A4,1:0.0158833,
D:\MOHAMMMAD AHMED QURESHI\SIR AHMED RIZWAN factory drawings\NIP\WORKING AREA\ARCHITACTURAL\LE-16-A1.dwg,BACK ELEVATION,29-Mar-19 1:15:06 PM,CDD-4,\\PRINTSERVER-PC\HP LaserJet 400 M401 PCL 6,A4,1:0.0382137,
D:\MOHAMMMAD AHMED QURESHI\PFIZER\WEST WARF\WORKING AREA\MPL - 19 - hvac layout (2).dwg,Model,29-Mar-19 4:35:27 PM,CDD-4,\\PRINTSERVER-PC\HP LaserJet 400 M401 PCL 6,A4,1:75.9725,
D:\MOHAMMMAD AHMED QURESHI\PFIZER\B2 BUILDING\WORKING AREA\REV-01 HVAC GROUND FLOOR.dwg,PIPEING NEW,30-Mar-19 10:58:50 AM,CDD-4,HP DesignJet T795 44in HPGL2,A1 (landscape),1:1,
D:\MOHAMMMAD AHMED QURESHI\feroz\working area\SA-Warp-507-C.dwg,A4,02-Apr-19 11:57:56 AM,CDD-4,\\PRINTSERVER-PC\HP LaserJet 400 M401 PCL 6,A4,1:1,
D:\MOHAMMMAD AHMED QURESHI\feroz\working area\SA-Warp-507-C.dwg,Model,02-Apr-19 12:22:49 PM,CDD-4,\\PRINTSERVER-PC\HP LaserJet 400 M401 PCL 6,A4,1:13.0628,
D:\MOHAMMMAD AHMED QURESHI\SIR AHMED RIZWAN factory drawings\NIP\WORKING AREA\ARCHITACTURAL\LE-16-A1.dwg,B.F,05-Apr-19 11:47:13 AM,CDD-4,\\PRINTSERVER-PC\HP LaserJet 400 M401 PCL 6,A4,1:0.0389069,
D:\MOHAMMMAD AHMED QURESHI\SIR AHMED RIZWAN factory drawings\NIP\WORKING AREA\ARCHITACTURAL\LE-16-A1.dwg,G.F,05-Apr-19 11:47:51 AM,CDD-4,\\PRINTSERVER-PC\HP LaserJet 400 M401 PCL 6,A4,1:0.0797222,
D:\MOHAMMMAD AHMED QURESHI\SIR AHMED RIZWAN factory drawings\NIP\WORKING AREA\ARCHITACTURAL\LE-16-A1.dwg,G.F,05-Apr-19 11:48:07 AM,CDD-4,\\PRINTSERVER-PC\HP LaserJet 400 M401 PCL 6,A4,1:0.0438148,
D:\MOHAMMMAD AHMED QURESHI\SIR AHMED RIZWAN factory drawings\NIP\WORKING AREA\ARCHITACTURAL\LE-16-A1.dwg,Model,05-Apr-19 11:48:48 AM,CDD-4,\\PRINTSERVER-PC\HP LaserJet 400 M401 PCL 6,A4,1:13.3585,
D:\MOHAMMMAD AHMED QURESHI\SIR AHMED RIZWAN factory drawings\NIP\WORKING AREA\ARCHITACTURAL\LE-16-A1.dwg,Model,05-Apr-19 11:49:01 AM,CDD-4,\\PRINTSERVER-PC\HP LaserJet 400 M401 PCL 6,A4,1:13.3585,
C:\Users\CDD-4\AppData\Local\Microsoft\Windows\Temporary Internet Files\Content.Outlook\7P2R0ORN\Pfizer-Section.dwg,Layout1,06-Apr-19 11:17:54 AM,CDD-4,HP DesignJet T795 44in HPGL2,Oversize: A2 (landscape),1:25.4,
D:\MOHAMMMAD AHMED QURESHI\06-GENERAL TYER\WORKING AREA\GERNERAL TYRE_CABLE TRAY.dwg,SECOND FLOOR SHAN A3,10-Apr-19 10:28:12 AM,CDD-4,HP DesignJet T795 44in HPGL2,A3 (landscape),1:25.4,
D:\MOHAMMMAD AHMED QURESHI\02-feroz\working area\SA-Warp-507-C.dwg,DUCT,11-Apr-19 3:20:14 PM,CDD-4,\\PRINTSERVER-PC\HP LaserJet 400 M401 PCL 6,A4,1:1.8616,
D:\MOHAMMMAD AHMED QURESHI\SIR AHMED RIZWAN factory drawings\NIP\WORKING AREA\ARCHITACTURAL\LE-16-A1.dwg,B.F,4/29/2019 12:25:09 PM,CDD-4,\\PRINTSERVER-PC\HP LaserJet 400 M401 PCL 6,A4,1:0.0793101,
D:\MOHAMMMAD AHMED QURESHI\SIR AHMED RIZWAN factory drawings\NIP\WORKING AREA\ARCHITACTURAL\LE-16-A1.dwg,B.F,4/29/2019 12:27:20 PM,CDD-4,\\PRINTSERVER-PC\HP LaserJet 400 M401 PCL 6,A4,1:0.0793101,
D:\MOHAMMMAD AHMED QURESHI\SIR AHMED RIZWAN factory drawings\NIP\WORKING AREA\ARCHITACTURAL\LE-16-A1.dwg,G.F,4/29/2019 12:55:05 PM,CDD-4,\\PRINTSERVER-PC\HP LaserJet 400 M401 PCL 6,A4,1:0.0793101,
D:\MOHAMMMAD AHMED QURESHI\SIR AHMED RIZWAN factory drawings\NIP\WORKING AREA\ARCHITACTURAL\LE-16-A1.dwg,G.F,29-Apr-19 12:55:19 PM,CDD-4,\\PRINTSERVER-PC\HP LaserJet 400 M401 PCL 6,A4,1:0.0793101,
D:\MOHAMMMAD AHMED QURESHI\SIR AHMED RIZWAN factory drawings\NIP\WORKING AREA\ARCHITACTURAL\LE-16-A1.dwg,G.F,4/29/2019 12:58:37 PM,CDD-4,\\PRINTSERVER-PC\HP LaserJet 400 M401 PCL 6,A4,1:0.0793101,
D:\MOHAMMMAD AHMED QURESHI\SIR AHMED RIZWAN factory drawings\NIP\WORKING AREA\ARCHITACTURAL\LE-16-A1.dwg,G.F,4/29/2019 1:05:00 PM,CDD-4,\\PRINTSERVER-PC\HP LaserJet 400 M401 PCL 6,A4,1:0.0793101,
D:\MOHAMMMAD AHMED QURESHI\SIR AHMED RIZWAN factory drawings\NIP\WORKING AREA\ARCHITACTURAL\LE-16-A1.dwg,G.F,4/29/2019 1:09:01 PM,CDD-4,\\PRINTSERVER-PC\HP LaserJet 400 M401 PCL 6,A4,1:0.0793101,
D:\MOHAMMMAD AHMED QURESHI\SIR AHMED RIZWAN factory drawings\NIP\WORKING AREA\ARCHITACTURAL\LE-16-A1.dwg,B.F,29-Apr-19 1:10:26 PM,CDD-4,\\PRINTSERVER-PC\HP LaserJet 400 M401 PCL 6,A4,1:0.0793101,
D:\MOHAMMMAD AHMED QURESHI\SIR AHMED RIZWAN factory drawings\NIP\WORKING AREA\ARCHITACTURAL\LE-16-A1.dwg,B.F,4/29/2019 1:11:06 PM,CDD-4,\\PRINTSERVER-PC\HP LaserJet 400 M401 PCL 6,A4,1:0.0793101,
D:\MOHAMMMAD AHMED QURESHI\SIR AHMED RIZWAN factory drawings\NIP\WORKING AREA\ARCHITACTURAL\LE-16-A1.dwg,B.F,4/29/2019 1:12:17 PM,CDD-4,\\PRINTSERVER-PC\HP LaserJet 400 M401 PCL 6,A4,1:0.0793101,
D:\MOHAMMMAD AHMED QURESHI\SIR AHMED RIZWAN factory drawings\NIP\WORKING AREA\ARCHITACTURAL\LE-16-A1.dwg,G.F,02-May-19 4:58:45 PM,CDD-4,\\PRINTSERVER-PC\HP LaserJet 400 M401 PCL 6,A4,1:0.0793101,
D:\MOHAMMMAD AHMED QURESHI\01-AMARANT\WORKING AREA\GF DUCTING.dwg,GF A1,5/3/2019 10:19:28 AM,CDD-4,HP DesignJet T795 44in HPGL2,A1 (landscape),1:25.4,
D:\MOHAMMMAD AHMED QURESHI\01-AMARANT\WORKING AREA\GF DUCTING.dwg,GF A1,5/3/2019 10:21:01 AM,CDD-4,HP DesignJet T795 44in HPGL2,A2 (landscape),1:13.4089,
D:\MOHAMMMAD AHMED QURESHI\01-AMARANT\WORKING AREA\GF DUCTING.dwg,GF A1,5/3/2019 10:22:07 AM,CDD-4,HP DesignJet T795 44in HPGL2,A2 (landscape),1:8.59885,
D:\MOHAMMMAD AHMED QURESHI\01-AMARANT\WORKING AREA\GF DUCTING.dwg,GF A1,5/3/2019 10:22:44 AM,CDD-4,HP DesignJet T795 44in HPGL2,A2 (landscape),1:9.40893,
D:\MOHAMMMAD AHMED QURESHI\SIR AHMED RIZWAN factory drawings\NIP\WORKING AREA\ARCHITACTURAL\LE-16-A1.dwg,G.F,5/4/2019 2:36:23 PM,CDD-4,\\PRINTSERVER-PC\HP LaserJet 400 M401 PCL 6,A4,1:0.0793101,
D:\MOHAMMMAD AHMED QURESHI\SIR AHMED RIZWAN factory drawings\NIP\WORKING AREA\ARCHITACTURAL\LE-16-A1.dwg,G.F,5/4/2019 3:08:02 PM,CDD-4,\\PRINTSERVER-PC\HP LaserJet 400 M401 PCL 6,A4,1:0.0793101,
D:\MOHAMMMAD AHMED QURESHI\Factory Drawings\NIP\WORKING AREA\ARCHITACTURAL\LE-16-A1.dwg,G.F,5/8/2019 7:50:47 AM,CDD-4,\\PRINTSERVER-PC\HP LaserJet 400 M401 PCL 6,A4,1:0.0793101,
D:\old data\PROJECT 2017 AAMIR\24-NATIONAL FOOD\AS BUILT\CHILLER & COOLING TOWER.dwg,Layout1,08-May-19 10:11:45 AM,CDD-4,HP DesignJet T795 44in HPGL2,A2 (landscape),1:1,
D:\MOHAMMMAD AHMED QURESHI\Factory Drawings\NIP\WORKING AREA\ARCHITACTURAL\LE-16-A1.dwg,B.F,08-May-19 10:37:49 AM,CDD-4,\\PRINTSERVER-PC\HP LaserJet 400 M401 PCL 6,A4,1:0.0793101,
D:\MOHAMMMAD AHMED QURESHI\Factory Drawings\NIP\WORKING AREA\ARCHITACTURAL\LE-16-A1.dwg,B.F,5/8/2019 11:02:45 AM,CDD-4,\\PRINTSERVER-PC\HP LaserJet 400 M401 PCL 6,A4,1:0.0793101,
D:\MOHAMMMAD AHMED QURESHI\Factory Drawings\NIP\WORKING AREA\ARCHITACTURAL\LE-16-A1.dwg,B.F,08-May-19 11:08:21 AM,CDD-4,\\PRINTSERVER-PC\HP LaserJet 400 M401 PCL 6,A4,1:0.0793101,
D:\MOHAMMMAD AHMED QURESHI\Factory Drawings\NIP\WORKING AREA\ARCHITACTURAL\LE-16-A1.dwg,B.F,08-May-19 11:11:04 AM,CDD-4,\\PRINTSERVER-PC\HP LaserJet 400 M401 PCL 6,A4,1:0.0793101,
D:\MOHAMMMAD AHMED QURESHI\Factory Drawings\NIP\WORKING AREA\ARCHITACTURAL\LE-16-A1.dwg,B.F,5/8/2019 11:12:41 AM,CDD-4,\\PRINTSERVER-PC\HP LaserJet 400 M401 PCL 6,A4,1:0.0793101,
D:\MOHAMMMAD AHMED QURESHI\Factory Drawings\NIP\WORKING AREA\ARCHITACTURAL\LE-16-A1.dwg,B.F,5/8/2019 11:13:31 AM,CDD-4,\\PRINTSERVER-PC\HP LaserJet 400 M401 PCL 6,A4,1:0.0793101,
D:\MOHAMMMAD AHMED QURESHI\Factory Drawings\NIP\WORKING AREA\ARCHITACTURAL\LE-16-A1.dwg,B.F,5/8/2019 11:14:01 AM,CDD-4,\\PRINTSERVER-PC\HP LaserJet 400 M401 PCL 6,A4,1:0.0793101,
D:\MOHAMMMAD AHMED QURESHI\03-PFIZER\WEST WARF\WORKING AREA\MPL - 19 - hvac layout (2).dwg,A1,5/8/2019 11:34:06 AM,CDD-4,HP DesignJet T795 44in HPGL2,A1 (landscape),1:25.4,
E:\MOHAMMMAD AHMED QURESHI\01-AMARANT\WORKING AREA\As Build PD LAB-DL 02.dwg,GF A2,24-Aug-19 10:25:39 AM,CAD-2,HP DesignJet T795 44in HPGL2,A2 (landscape),1:25.4,
E:\MOHAMMMAD AHMED QURESHI\01-AMARANT\WORKING AREA\As Build PD LAB-DL 02.dwg,GF A2,24-Aug-19 10:32:54 AM,CAD-2,HP DesignJet T795 44in HPGL2,A2 (landscape),1:25.4,
E:\MOHAMMMAD AHMED QURESHI\01-AMARANT\WORKING AREA\NEW SCHEMATIC AMARANT_1_31587_8ASDASD1d04d04.sv$.dwg,Model,11-Oct-19 10:12:20 AM,CAD-2,\\PRINTSERVER-PC\HP LaserJet Professional P 1102w,A4,1:1.86866,
E:\MOHAMMMAD AHMED QURESHI\01-AMARANT\WORKING AREA\NEW SCHEMATIC AMARANT_1_31587_8ASDASD1d04d04.sv$.dwg,Model,11-Oct-19 10:12:35 AM,CAD-2,PDFCreator,A4,1:1.85097,
E:\MOHAMMMAD AHMED QURESHI\01-AMARANT\WORKING AREA\NEW SCHEMATIC AMARANT.dwg,Model,19-Nov-19 10:39:44 AM,CAD-2,\\PRINTSERVER-PC\HP LaserJet 400 M401 PCL 6,A4,1:3.60774,
E:\MOHAMMMAD AHMED QURESHI\04-AGHA KHAN (LINIC)\WORKING AREA\System Schematic\1.dwg,Model,19-Nov-19 12:15:36 PM,CAD-2,\\PRINTSERVER-PC\HP LaserJet 400 M401 PCL 6,A4,1:2.56092,
